0 info it worked if it ends with ok
1 verbose cli [ '/usr/local/bin/node', '/usr/local/bin/npm', 'run', 'dev' ]
2 info using npm@3.7.2
3 info using node@v4.3.0
4 verbose run-script [ 'predev', 'dev', 'postdev' ]
5 info lifecycle antd-demo@1.0.0~predev: antd-demo@1.0.0
6 silly lifecycle antd-demo@1.0.0~predev: no script for predev, continuing
7 info lifecycle antd-demo@1.0.0~dev: antd-demo@1.0.0
8 verbose lifecycle antd-demo@1.0.0~dev: unsafe-perm in lifecycle true
9 verbose lifecycle antd-demo@1.0.0~dev: PATH: /usr/local/lib/node_modules/npm/bin/node-gyp-bin:/Users/maqibin/antd-demo/node_modules/.bin:/usr/local/bin:/usr/local/bin:/usr/bin:/bin:/usr/sbin:/sbin:/Users/maqibin/Library/Android/sdk/platform-tools
10 verbose lifecycle antd-demo@1.0.0~dev: CWD: /Users/maqibin/antd-demo
11 silly lifecycle antd-demo@1.0.0~dev: Args: [ '-c', 'dora -p 8001 --plugins atool-build,proxy,hmr' ]
12 silly lifecycle antd-demo@1.0.0~dev: Returned: code: 1  signal: null
13 info lifecycle antd-demo@1.0.0~dev: Failed to exec dev script
14 verbose stack Error: antd-demo@1.0.0 dev: `dora -p 8001 --plugins atool-build,proxy,hmr`
14 verbose stack Exit status 1
14 verbose stack     at EventEmitter.<anonymous> (/usr/local/lib/node_modules/npm/lib/utils/lifecycle.js:239:16)
14 verbose stack     at emitTwo (events.js:87:13)
14 verbose stack     at EventEmitter.emit (events.js:172:7)
14 verbose stack     at ChildProcess.<anonymous> (/usr/local/lib/node_modules/npm/lib/utils/spawn.js:24:14)
14 verbose stack     at emitTwo (events.js:87:13)
14 verbose stack     at ChildProcess.emit (events.js:172:7)
14 verbose stack     at maybeClose (internal/child_process.js:821:16)
14 verbose stack     at Process.ChildProcess._handle.onexit (internal/child_process.js:211:5)
15 verbose pkgid antd-demo@1.0.0
16 verbose cwd /Users/maqibin/antd-demo
17 error Darwin 15.3.0
18 error argv "/usr/local/bin/node" "/usr/local/bin/npm" "run" "dev"
19 error node v4.3.0
20 error npm  v3.7.2
21 error code ELIFECYCLE
22 error antd-demo@1.0.0 dev: `dora -p 8001 --plugins atool-build,proxy,hmr`
22 error Exit status 1
23 error Failed at the antd-demo@1.0.0 dev script 'dora -p 8001 --plugins atool-build,proxy,hmr'.
23 error Make sure you have the latest version of node.js and npm installed.
23 error If you do, this is most likely a problem with the antd-demo package,
23 error not with npm itself.
23 error Tell the author that this fails on your system:
23 error     dora -p 8001 --plugins atool-build,proxy,hmr
23 error You can get information on how to open an issue for this project with:
23 error     npm bugs antd-demo
23 error Or if that isn't available, you can get their info via:
23 error     npm owner ls antd-demo
23 error There is likely additional logging output above.
24 verbose exit [ 1, true ]
